<?xml version="1.0" encoding="UTF-8"?>
<testng-results ignored="0" total="1" passed="1" failed="0" skipped="0">
  <reporter-output>
  </reporter-output>
  <suite started-at="2023-04-21T19:39:29Z" name="Suite" finished-at="2023-04-21T19:40:30Z" duration-ms="61684">
    <groups>
    </groups>
    <test started-at="2023-04-21T19:39:29Z" name="Test" finished-at="2023-04-21T19:40:30Z" duration-ms="61684">
      <class name="practiceLog4j.BrokenLInks">
        <test-method signature="links()[pri:0, instance:practiceLog4j.BrokenLInks@4ff8d125]" started-at="2023-04-21T19:39:29Z" name="links" finished-at="2023-04-21T19:40:30Z" duration-ms="61668" status="PASS">
          <reporter-output>
          </reporter-output>
        </test-method> <!-- links -->
      </class> <!-- practiceLog4j.BrokenLInks -->
    </test> <!-- Test -->
  </suite> <!-- Suite -->
</testng-results>
